c:\users\lucas\documents\pvisual studio projects\graphicsframework1.3 -multiple balls\componentframework\debug\vc141.pdb
c:\users\lucas\documents\pvisual studio projects\graphicsframework1.3 -multiple balls\componentframework\debug\vc141.idb
c:\users\lucas\documents\pvisual studio projects\graphicsframework1.3 -multiple balls\componentframework\debug\debug.obj
c:\users\lucas\documents\pvisual studio projects\graphicsframework1.3 -multiple balls\componentframework\debug\gamescenemanager.obj
c:\users\lucas\documents\pvisual studio projects\graphicsframework1.3 -multiple balls\componentframework\debug\mesh.obj
c:\users\lucas\documents\pvisual studio projects\graphicsframework1.3 -multiple balls\componentframework\debug\main.obj
c:\users\lucas\documents\pvisual studio projects\graphicsframework1.3 -multiple balls\componentframework\debug\mmath.obj
c:\users\lucas\documents\pvisual studio projects\graphicsframework1.3 -multiple balls\componentframework\debug\model.obj
c:\users\lucas\documents\pvisual studio projects\graphicsframework1.3 -multiple balls\componentframework\debug\objloader.obj
c:\users\lucas\documents\pvisual studio projects\graphicsframework1.3 -multiple balls\componentframework\debug\physics.obj
c:\users\lucas\documents\pvisual studio projects\graphicsframework1.3 -multiple balls\componentframework\debug\randomizer.obj
c:\users\lucas\documents\pvisual studio projects\graphicsframework1.3 -multiple balls\componentframework\debug\scene.obj
c:\users\lucas\documents\pvisual studio projects\graphicsframework1.3 -multiple balls\componentframework\debug\scene1.obj
c:\users\lucas\documents\pvisual studio projects\graphicsframework1.3 -multiple balls\componentframework\debug\shader.obj
c:\users\lucas\documents\pvisual studio projects\graphicsframework1.3 -multiple balls\componentframework\debug\timer.obj
c:\users\lucas\documents\pvisual studio projects\graphicsframework1.3 -multiple balls\componentframework\debug\trackball.obj
c:\users\lucas\documents\pvisual studio projects\graphicsframework1.3 -multiple balls\componentframework\debug\vmath.obj
c:\users\lucas\documents\pvisual studio projects\graphicsframework1.3 -multiple balls\componentframework\debug\window.obj
c:\users\lucas\documents\pvisual studio projects\graphicsframework1.3 -multiple balls\componentframework\debug\simplex.obj
c:\users\lucas\desktop\graphicsframework1.3 -multiple balls\componentframework\debug\vc141.pdb
c:\users\lucas\desktop\graphicsframework1.3 -multiple balls\componentframework\debug\vc141.idb
c:\users\lucas\desktop\graphicsframework1.3 -multiple balls\componentframework\debug\debug.obj
c:\users\lucas\desktop\graphicsframework1.3 -multiple balls\componentframework\debug\gamescenemanager.obj
c:\users\lucas\desktop\graphicsframework1.3 -multiple balls\componentframework\debug\mesh.obj
c:\users\lucas\desktop\graphicsframework1.3 -multiple balls\componentframework\debug\main.obj
c:\users\lucas\desktop\graphicsframework1.3 -multiple balls\componentframework\debug\mmath.obj
c:\users\lucas\desktop\graphicsframework1.3 -multiple balls\componentframework\debug\model.obj
c:\users\lucas\desktop\graphicsframework1.3 -multiple balls\componentframework\debug\objloader.obj
c:\users\lucas\desktop\graphicsframework1.3 -multiple balls\componentframework\debug\physics.obj
c:\users\lucas\desktop\graphicsframework1.3 -multiple balls\componentframework\debug\randomizer.obj
c:\users\lucas\desktop\graphicsframework1.3 -multiple balls\componentframework\debug\scene.obj
c:\users\lucas\desktop\graphicsframework1.3 -multiple balls\componentframework\debug\scene1.obj
c:\users\lucas\desktop\graphicsframework1.3 -multiple balls\componentframework\debug\shader.obj
c:\users\lucas\desktop\graphicsframework1.3 -multiple balls\componentframework\debug\simplex.obj
c:\users\lucas\desktop\graphicsframework1.3 -multiple balls\componentframework\debug\timer.obj
c:\users\lucas\desktop\graphicsframework1.3 -multiple balls\componentframework\debug\trackball.obj
c:\users\lucas\desktop\graphicsframework1.3 -multiple balls\componentframework\debug\vmath.obj
c:\users\lucas\desktop\graphicsframework1.3 -multiple balls\componentframework\debug\window.obj
c:\users\lucas\documents\pvisual studio projects\graphicsframework1.3 -multiple balls\debug\componentframework.ilk
c:\users\lucas\documents\pvisual studio projects\graphicsframework1.3 -multiple balls\debug\componentframework.exe
c:\users\lucas\documents\pvisual studio projects\graphicsframework1.3 -multiple balls\debug\componentframework.pdb
c:\users\lucas\desktop\graphicsframework1.3 -multiple balls\debug\componentframework.ilk
c:\users\lucas\desktop\graphicsframework1.3 -multiple balls\debug\componentframework.exe
c:\users\lucas\desktop\graphicsframework1.3 -multiple balls\debug\componentframework.pdb
c:\gamedev\graphicsmathengine\graphicsframework1.3 -multiple balls\componentframework\debug\debug.obj
c:\gamedev\graphicsmathengine\graphicsframework1.3 -multiple balls\componentframework\debug\gamescenemanager.obj
c:\gamedev\graphicsmathengine\graphicsframework1.3 -multiple balls\componentframework\debug\main.obj
c:\gamedev\graphicsmathengine\graphicsframework1.3 -multiple balls\componentframework\debug\mesh.obj
c:\gamedev\graphicsmathengine\graphicsframework1.3 -multiple balls\componentframework\debug\mmath.obj
c:\gamedev\graphicsmathengine\graphicsframework1.3 -multiple balls\componentframework\debug\model.obj
c:\gamedev\graphicsmathengine\graphicsframework1.3 -multiple balls\componentframework\debug\objloader.obj
c:\gamedev\graphicsmathengine\graphicsframework1.3 -multiple balls\componentframework\debug\physics.obj
c:\gamedev\graphicsmathengine\graphicsframework1.3 -multiple balls\componentframework\debug\randomizer.obj
c:\gamedev\graphicsmathengine\graphicsframework1.3 -multiple balls\componentframework\debug\scene.obj
c:\gamedev\graphicsmathengine\graphicsframework1.3 -multiple balls\componentframework\debug\scene1.obj
c:\gamedev\graphicsmathengine\graphicsframework1.3 -multiple balls\componentframework\debug\shader.obj
c:\gamedev\graphicsmathengine\graphicsframework1.3 -multiple balls\componentframework\debug\simplex.obj
c:\gamedev\graphicsmathengine\graphicsframework1.3 -multiple balls\componentframework\debug\timer.obj
c:\gamedev\graphicsmathengine\graphicsframework1.3 -multiple balls\componentframework\debug\trackball.obj
c:\gamedev\graphicsmathengine\graphicsframework1.3 -multiple balls\componentframework\debug\vmath.obj
c:\gamedev\graphicsmathengine\graphicsframework1.3 -multiple balls\componentframework\debug\window.obj
c:\gamedev\graphicsmathengine\graphicsframework1.3 -multiple balls\componentframework\debug\vc141.idb
c:\gamedev\graphicsmathengine\graphicsframework1.3 -multiple balls\componentframework\debug\vc141.pdb
c:\gamedev\graphicsmathengine\graphicsframework1.3 -multiple balls\debug\componentframework.pdb
c:\gamedev\graphicsmathengine\graphicsframework1.3 -multiple balls\debug\componentframework.exe
c:\gamedev\graphicsmathengine\graphicsframework1.3 -multiple balls\debug\componentframework.ilk
c:\gamedev\graphicsmathengine\graphicsframework1.3 -multiple balls\componentframework\debug\componen.f2dcb53b.tlog\cl.command.1.tlog
c:\gamedev\graphicsmathengine\graphicsframework1.3 -multiple balls\componentframework\debug\componen.f2dcb53b.tlog\cl.read.1.tlog
c:\gamedev\graphicsmathengine\graphicsframework1.3 -multiple balls\componentframework\debug\componen.f2dcb53b.tlog\cl.write.1.tlog
c:\gamedev\graphicsmathengine\graphicsframework1.3 -multiple balls\componentframework\debug\componen.f2dcb53b.tlog\link.command.1.tlog
c:\gamedev\graphicsmathengine\graphicsframework1.3 -multiple balls\componentframework\debug\componen.f2dcb53b.tlog\link.read.1.tlog
c:\gamedev\graphicsmathengine\graphicsframework1.3 -multiple balls\componentframework\debug\componen.f2dcb53b.tlog\link.write.1.tlog
